<?xml version="1.0" encoding="UTF-8"?>
<testsuite name="co.com.citygames.usecase.customer.getallcustomers.GetAllCustomersUseCaseTest" tests="2" skipped="0" failures="0" errors="0" timestamp="2023-04-13T23:19:16" hostname="CITYLARRY" time="0.189">
  <properties/>
  <testcase name="Get all customer with empty response" classname="co.com.citygames.usecase.customer.getallcustomers.GetAllCustomersUseCaseTest" time="0.179"/>
  <testcase name="Get all customers successfully" classname="co.com.citygames.usecase.customer.getallcustomers.GetAllCustomersUseCaseTest" time="0.009"/>
  <system-out><![CDATA[]]></system-out>
  <system-err><![CDATA[]]></system-err>
</testsuite>
