<?xml version="1.0" encoding="UTF-8"?>
<testsuite name="co.com.citygames.usecase.customer.updatecustomer.UpdateCustomerUseCaseTest" tests="2" skipped="0" failures="0" errors="0" timestamp="2023-04-13T23:19:16" hostname="CITYLARRY" time="0.009">
  <properties/>
  <testcase name="Update customer successfully" classname="co.com.citygames.usecase.customer.updatecustomer.UpdateCustomerUseCaseTest" time="0.003"/>
  <testcase name="Update customer with non-existing id" classname="co.com.citygames.usecase.customer.updatecustomer.UpdateCustomerUseCaseTest" time="0.004"/>
  <system-out><![CDATA[]]></system-out>
  <system-err><![CDATA[]]></system-err>
</testsuite>
