<?xml version="1.0" encoding="UTF-8"?>
<testsuite name="co.com.citygames.usecase.customer.getcustomerbyid.GetCustomerByIdUseCaseTest" tests="2" skipped="0" failures="0" errors="0" timestamp="2023-04-13T23:19:16" hostname="CITYLARRY" time="0.008">
  <properties/>
  <testcase name="Get customer by id successfully" classname="co.com.citygames.usecase.customer.getcustomerbyid.GetCustomerByIdUseCaseTest" time="0.003"/>
  <testcase name="Get customer by non-existent id" classname="co.com.citygames.usecase.customer.getcustomerbyid.GetCustomerByIdUseCaseTest" time="0.004"/>
  <system-out><![CDATA[]]></system-out>
  <system-err><![CDATA[]]></system-err>
</testsuite>
