<?xml version="1.0" encoding="UTF-8"?>
<testsuite name="co.com.citygames.usecase.customer.savecustomer.SaveCustomerUseCaseTest" tests="1" skipped="0" failures="0" errors="0" timestamp="2023-04-13T23:19:16" hostname="CITYLARRY" time="0.004">
  <properties/>
  <testcase name="Save customer successfully" classname="co.com.citygames.usecase.customer.savecustomer.SaveCustomerUseCaseTest" time="0.004"/>
  <system-out><![CDATA[]]></system-out>
  <system-err><![CDATA[]]></system-err>
</testsuite>
