<?xml version="1.0" encoding="UTF-8"?>
<testsuite name="co.com.citygames.usecase.orderdetail.getorderbyid.GetOrderByIdUseCaseTest" tests="2" skipped="0" failures="0" errors="0" timestamp="2023-04-13T23:19:16" hostname="CITYLARRY" time="0.009">
  <properties/>
  <testcase name="Get order by id successfully" classname="co.com.citygames.usecase.orderdetail.getorderbyid.GetOrderByIdUseCaseTest" time="0.004"/>
  <testcase name="Get order by id with non-existent id" classname="co.com.citygames.usecase.orderdetail.getorderbyid.GetOrderByIdUseCaseTest" time="0.004"/>
  <system-out><![CDATA[]]></system-out>
  <system-err><![CDATA[]]></system-err>
</testsuite>
