<?xml version="1.0" encoding="UTF-8"?>
<testsuite name="co.com.citygames.usecase.customer.getcustomerbyemail.GetCustomerByEmailUseCaseTest" tests="2" skipped="0" failures="0" errors="0" timestamp="2023-04-13T23:19:16" hostname="CITYLARRY" time="0.01">
  <properties/>
  <testcase name="Get customer by non-existent email" classname="co.com.citygames.usecase.customer.getcustomerbyemail.GetCustomerByEmailUseCaseTest" time="0.004"/>
  <testcase name="Get customer by email successfully" classname="co.com.citygames.usecase.customer.getcustomerbyemail.GetCustomerByEmailUseCaseTest" time="0.005"/>
  <system-out><![CDATA[]]></system-out>
  <system-err><![CDATA[]]></system-err>
</testsuite>
