<?xml version="1.0" encoding="UTF-8"?>
<testsuite name="co.com.citygames.usecase.orderdetail.deleteorder.DeleteOrderUseCaseTest" tests="2" skipped="0" failures="0" errors="0" timestamp="2023-04-13T23:19:16" hostname="CITYLARRY" time="0.038">
  <properties/>
  <testcase name="Delete order successfully" classname="co.com.citygames.usecase.orderdetail.deleteorder.DeleteOrderUseCaseTest" time="0.034"/>
  <testcase name="Delete order with non-existent id" classname="co.com.citygames.usecase.orderdetail.deleteorder.DeleteOrderUseCaseTest" time="0.003"/>
  <system-out><![CDATA[]]></system-out>
  <system-err><![CDATA[]]></system-err>
</testsuite>
