<?xml version="1.0" encoding="UTF-8"?>
<testsuite name="co.com.citygames.usecase.orderdetail.updateorder.UpdateOrderUseCaseTest" tests="2" skipped="0" failures="0" errors="0" timestamp="2023-04-13T23:19:16" hostname="CITYLARRY" time="0.011">
  <properties/>
  <testcase name="Update order with non-existent id" classname="co.com.citygames.usecase.orderdetail.updateorder.UpdateOrderUseCaseTest" time="0.006"/>
  <testcase name="Update order successfully" classname="co.com.citygames.usecase.orderdetail.updateorder.UpdateOrderUseCaseTest" time="0.003"/>
  <system-out><![CDATA[]]></system-out>
  <system-err><![CDATA[]]></system-err>
</testsuite>
