<?xml version="1.0" encoding="UTF-8"?>
<testsuite name="co.com.citygames.usecase.game.updategame.UpdateGameUseCaseTest" tests="2" skipped="0" failures="0" errors="0" timestamp="2023-04-13T23:19:16" hostname="CITYLARRY" time="0.008">
  <properties/>
  <testcase name="Update game with non-existent id" classname="co.com.citygames.usecase.game.updategame.UpdateGameUseCaseTest" time="0.005"/>
  <testcase name="Update game successfully" classname="co.com.citygames.usecase.game.updategame.UpdateGameUseCaseTest" time="0.002"/>
  <system-out><![CDATA[]]></system-out>
  <system-err><![CDATA[]]></system-err>
</testsuite>
