<?xml version="1.0" encoding="UTF-8"?>
<testsuite name="co.com.citygames.usecase.game.getallgames.GetAllGamesUseCaseTest" tests="2" skipped="0" failures="0" errors="0" timestamp="2023-04-13T23:19:16" hostname="CITYLARRY" time="0.006">
  <properties/>
  <testcase name="Get all games with empty response" classname="co.com.citygames.usecase.game.getallgames.GetAllGamesUseCaseTest" time="0.002"/>
  <testcase name="Get all games successfully" classname="co.com.citygames.usecase.game.getallgames.GetAllGamesUseCaseTest" time="0.003"/>
  <system-out><![CDATA[]]></system-out>
  <system-err><![CDATA[]]></system-err>
</testsuite>
